<?xml version="1.0" encoding="UTF-8"?>
<!-- Generated by org.testng.reporters.JUnitReportReporter -->
<testsuite skipped="8" hostname="PC380387" name="Application.Suite.AutomationTestSuite" tests="9" failures="0" timestamp="03 Jul 2018 15:49:51 GMT" time="15.286" errors="0">
  <testcase name="Test_AngularJs" time="15.286" classname="Application.Suite.AutomationTestSuite"/>
  <testcase name="Test_Case_JsonMap" classname="Application.Suite.AutomationTestSuite">
    <skipped/>
  </testcase> <!-- Test_Case_JsonMap -->
  <testcase name="Test_Case_1" classname="Application.Suite.AutomationTestSuite">
    <skipped/>
  </testcase> <!-- Test_Case_1 -->
  <testcase name="Test_Case_2" classname="Application.Suite.AutomationTestSuite">
    <skipped/>
  </testcase> <!-- Test_Case_2 -->
  <testcase name="Test_Case_firefox" classname="Application.Suite.AutomationTestSuite">
    <skipped/>
  </testcase> <!-- Test_Case_firefox -->
  <testcase name="Test_Case_chrome" classname="Application.Suite.AutomationTestSuite">
    <skipped/>
  </testcase> <!-- Test_Case_chrome -->
  <testcase name="Test_Case_4" classname="Application.Suite.AutomationTestSuite">
    <skipped/>
  </testcase> <!-- Test_Case_4 -->
  <testcase name="Test_Case_4" classname="Application.Suite.AutomationTestSuite">
    <skipped/>
  </testcase> <!-- Test_Case_4 -->
  <testcase name="Test_Case_3" classname="Application.Suite.AutomationTestSuite">
    <skipped/>
  </testcase> <!-- Test_Case_3 -->
</testsuite> <!-- Application.Suite.AutomationTestSuite -->
