<?xml version="1.0" encoding="UTF-8"?>
<!-- Generated by org.testng.reporters.JUnitReportReporter -->
<testsuite skipped="5" hostname="PC380387" name="Application.Suite.AutomationTestSuite" tests="9" failures="0" timestamp="31 May 2018 09:52:04 GMT" time="49.840" errors="0">
  <testcase name="Test_Case_chrome" time="9.220" classname="Application.Suite.AutomationTestSuite"/>
  <testcase name="Test_Case_firefox" time="8.691" classname="Application.Suite.AutomationTestSuite"/>
  <testcase name="Test_Case_chrome" time="9.131" classname="Application.Suite.AutomationTestSuite"/>
  <testcase name="Test_Case_chrome" time="22.798" classname="Application.Suite.AutomationTestSuite"/>
  <testcase name="Test_Case_1" classname="Application.Suite.AutomationTestSuite">
    <skipped/>
  </testcase> <!-- Test_Case_1 -->
  <testcase name="Test_Case_2" classname="Application.Suite.AutomationTestSuite">
    <skipped/>
  </testcase> <!-- Test_Case_2 -->
  <testcase name="Test_Case_4" classname="Application.Suite.AutomationTestSuite">
    <skipped/>
  </testcase> <!-- Test_Case_4 -->
  <testcase name="Test_Case_4" classname="Application.Suite.AutomationTestSuite">
    <skipped/>
  </testcase> <!-- Test_Case_4 -->
  <testcase name="Test_Case_3" classname="Application.Suite.AutomationTestSuite">
    <skipped/>
  </testcase> <!-- Test_Case_3 -->
</testsuite> <!-- Application.Suite.AutomationTestSuite -->
